# JRE version: Java(TM) SE Runtime Environment (17.0.5+9) (build 17.0.5+9-LTS-191)
# Java VM: Java HotSpot(TM) 64-Bit Server VM (17.0.5+9-LTS-191, mixed mode, sharing, tiered, compressed oops, compressed class ptrs, g1 gc, windows-amd64)
GC Precious Log:
 CPUs: 8 total, 8 available
 Memory: 16258M
 Large Page Support: Disabled
 NUMA Support: Disabled
 Compressed Oops: Enabled (Zero based)
 Heap Region Size: 2M
 Heap Min Capacity: 8M
 Heap Initial Capacity: 256M
 Heap Max Capacity: 4066M
 Pre-touch: Disabled
 Parallel Workers: 8
 Concurrent Workers: 2
 Concurrent Refinement Workers: 8
 Periodic GC: Disabled
Heap:
 garbage-first heap   total 161792K, used 64439K [0x0000000701e00000, 0x0000000800000000)
  region size 2048K, 23 young (47104K), 4 survivors (8192K)
 Metaspace       used 54554K, committed 54976K, reserved 1097728K
  class space    used 7251K, committed 7424K, reserved 1048576K
GC Heap History (20 events):
Event: 2.172 GC heap before
{Heap before GC invocations=1 (full 0):
 garbage-first heap   total 262144K, used 31132K [0x0000000701e00000, 0x0000000800000000)
  region size 2048K, 14 young (28672K), 2 survivors (4096K)
 Metaspace       used 11346K, committed 11520K, reserved 1064960K
  class space    used 1459K, committed 1536K, reserved 1048576K
}
Event: 2.180 GC heap after
{Heap after GC invocations=2 (full 0):
 garbage-first heap   total 262144K, used 8684K [0x0000000701e00000, 0x0000000800000000)
  region size 2048K, 1 young (2048K), 1 survivors (2048K)
 Metaspace       used 11346K, committed 11520K, reserved 1064960K
  class space    used 1459K, committed 1536K, reserved 1048576K
}
Event: 3.989 GC heap before
{Heap before GC invocations=2 (full 0):
 garbage-first heap   total 262144K, used 63980K [0x0000000701e00000, 0x0000000800000000)
  region size 2048K, 29 young (59392K), 1 survivors (2048K)
 Metaspace       used 21257K, committed 21504K, reserved 1073152K
  class space    used 2700K, committed 2816K, reserved 1048576K
}
Event: 3.997 GC heap after
{Heap after GC invocations=3 (full 0):
 garbage-first heap   total 262144K, used 12543K [0x0000000701e00000, 0x0000000800000000)
  region size 2048K, 3 young (6144K), 3 survivors (6144K)
 Metaspace       used 21257K, committed 21504K, reserved 1073152K
  class space    used 2700K, committed 2816K, reserved 1048576K
}
Event: 4.962 GC heap before
{Heap before GC invocations=4 (full 0):
 garbage-first heap   total 61440K, used 43263K [0x0000000701e00000, 0x0000000800000000)
  region size 2048K, 18 young (36864K), 3 survivors (6144K)
 Metaspace       used 23118K, committed 23360K, reserved 1073152K
  class space    used 2958K, committed 3072K, reserved 1048576K
}
Event: 4.970 GC heap after
{Heap after GC invocations=5 (full 0):
 garbage-first heap   total 61440K, used 13828K [0x0000000701e00000, 0x0000000800000000)
  region size 2048K, 2 young (4096K), 2 survivors (4096K)
 Metaspace       used 23118K, committed 23360K, reserved 1073152K
  class space    used 2958K, committed 3072K, reserved 1048576K
}
Event: 5.053 GC heap before
{Heap before GC invocations=5 (full 0):
 garbage-first heap   total 61440K, used 15876K [0x0000000701e00000, 0x0000000800000000)
  region size 2048K, 3 young (6144K), 2 survivors (4096K)
 Metaspace       used 23300K, committed 23552K, reserved 1073152K
  class space    used 2983K, committed 3072K, reserved 1048576K
}
Event: 5.058 GC heap after
{Heap after GC invocations=6 (full 0):
 garbage-first heap   total 61440K, used 14002K [0x0000000701e00000, 0x0000000800000000)
  region size 2048K, 1 young (2048K), 1 survivors (2048K)
 Metaspace       used 23300K, committed 23552K, reserved 1073152K
  class space    used 2983K, committed 3072K, reserved 1048576K
}
Event: 6.396 GC heap before
{Heap before GC invocations=6 (full 0):
 garbage-first heap   total 61440K, used 40626K [0x0000000701e00000, 0x0000000800000000)
  region size 2048K, 14 young (28672K), 1 survivors (2048K)
 Metaspace       used 26487K, committed 26752K, reserved 1073152K
  class space    used 3459K, committed 3584K, reserved 1048576K
}
Event: 6.407 GC heap after
{Heap after GC invocations=7 (full 0):
 garbage-first heap   total 61440K, used 15902K [0x0000000701e00000, 0x0000000800000000)
  region size 2048K, 2 young (4096K), 2 survivors (4096K)
 Metaspace       used 26487K, committed 26752K, reserved 1073152K
  class space    used 3459K, committed 3584K, reserved 1048576K
}
Event: 7.376 GC heap before
{Heap before GC invocations=7 (full 0):
 garbage-first heap   total 61440K, used 40478K [0x0000000701e00000, 0x0000000800000000)
  region size 2048K, 14 young (28672K), 2 survivors (4096K)
 Metaspace       used 32242K, committed 32512K, reserved 1081344K
  class space    used 4218K, committed 4352K, reserved 1048576K
}
Event: 7.387 GC heap after
{Heap after GC invocations=8 (full 0):
 garbage-first heap   total 61440K, used 17833K [0x0000000701e00000, 0x0000000800000000)
  region size 2048K, 1 young (2048K), 1 survivors (2048K)
 Metaspace       used 32242K, committed 32512K, reserved 1081344K
  class space    used 4218K, committed 4352K, reserved 1048576K
}
Event: 8.080 GC heap before
{Heap before GC invocations=8 (full 0):
 garbage-first heap   total 61440K, used 34217K [0x0000000701e00000, 0x0000000800000000)
  region size 2048K, 11 young (22528K), 1 survivors (2048K)
 Metaspace       used 35668K, committed 35968K, reserved 1081344K
  class space    used 4635K, committed 4800K, reserved 1048576K
}
Event: 8.091 GC heap after
{Heap after GC invocations=9 (full 0):
 garbage-first heap   total 61440K, used 19926K [0x0000000701e00000, 0x0000000800000000)
  region size 2048K, 2 young (4096K), 2 survivors (4096K)
 Metaspace       used 35668K, committed 35968K, reserved 1081344K
  class space    used 4635K, committed 4800K, reserved 1048576K
}
Event: 9.549 GC heap before
{Heap before GC invocations=10 (full 0):
 garbage-first heap   total 61440K, used 44502K [0x0000000701e00000, 0x0000000800000000)
  region size 2048K, 14 young (28672K), 2 survivors (4096K)
 Metaspace       used 38172K, committed 38464K, reserved 1089536K
  class space    used 5006K, committed 5120K, reserved 1048576K
}
Event: 9.564 GC heap after
{Heap after GC invocations=11 (full 0):
 garbage-first heap   total 61440K, used 22593K [0x0000000701e00000, 0x0000000800000000)
  region size 2048K, 2 young (4096K), 2 survivors (4096K)
 Metaspace       used 38172K, committed 38464K, reserved 1089536K
  class space    used 5006K, committed 5120K, reserved 1048576K
}
Event: 10.358 GC heap before
{Heap before GC invocations=11 (full 0):
 garbage-first heap   total 61440K, used 45121K [0x0000000701e00000, 0x0000000800000000)
  region size 2048K, 13 young (26624K), 2 survivors (4096K)
 Metaspace       used 39588K, committed 39936K, reserved 1089536K
  class space    used 5188K, committed 5376K, reserved 1048576K
}
Event: 10.366 GC heap after
{Heap after GC invocations=12 (full 0):
 garbage-first heap   total 161792K, used 23743K [0x0000000701e00000, 0x0000000800000000)
  region size 2048K, 1 young (2048K), 1 survivors (2048K)
 Metaspace       used 39588K, committed 39936K, reserved 1089536K
  class space    used 5188K, committed 5376K, reserved 1048576K
}
Event: 12.183 GC heap before
{Heap before GC invocations=12 (full 0):
 garbage-first heap   total 161792K, used 115903K [0x0000000701e00000, 0x0000000800000000)
  region size 2048K, 46 young (94208K), 1 survivors (2048K)
 Metaspace       used 48340K, committed 48704K, reserved 1097728K
  class space    used 6417K, committed 6592K, reserved 1048576K
}
Event: 12.191 GC heap after
{Heap after GC invocations=13 (full 0):
 garbage-first heap   total 161792K, used 29623K [0x0000000701e00000, 0x0000000800000000)
  region size 2048K, 4 young (8192K), 4 survivors (8192K)
 Metaspace       used 48340K, committed 48704K, reserved 1097728K
  class space    used 6417K, committed 6592K, reserved 1048576K
}

